0 info it worked if it ends with ok
1 verbose cli [ 'C:\\nodejs\\node.exe',
1 verbose cli   'C:\\nodejs\\node_modules\\npm\\bin\\npm-cli.js',
1 verbose cli   'start' ]
2 info using npm@3.10.10
3 info using node@v6.10.2
4 verbose run-script [ 'prestart', 'start', 'poststart' ]
5 info lifecycle ordereze@1.0.0~prestart: ordereze@1.0.0
6 silly lifecycle ordereze@1.0.0~prestart: no script for prestart, continuing
7 info lifecycle ordereze@1.0.0~start: ordereze@1.0.0
8 verbose lifecycle ordereze@1.0.0~start: unsafe-perm in lifecycle true
9 verbose lifecycle ordereze@1.0.0~start: PATH: C:\nodejs\node_modules\npm\bin\node-gyp-bin;E:\Projects\Sites\React\ordereze\node_modules\.bin;C:\ProgramData\Oracle\Java\javapath;C:\Windows\system32;C:\Windows;C:\Windows\System32\Wbem;C:\Windows\System32\WindowsPowerShell\v1.0\;C:\Program Files (x86)\NVIDIA Corporation\PhysX\Common;C:\Program Files\Git\cmd;C:\Program Files\TortoiseGit\bin;C:\Program Files (x86)\Skype\Phone\;C:\nodejs\;C:\Program Files\MySQL\MySQL Utilities 1.6\;C:\Users\Theodore\AppData\Local\atom\bin;C:\Users\Theodore\AppData\Roaming\npm;C:\Users\Theodore\AppData\Local\GitHubDesktop\bin
10 verbose lifecycle ordereze@1.0.0~start: CWD: E:\Projects\Sites\React\ordereze
11 silly lifecycle ordereze@1.0.0~start: Args: [ '/d /s /c', 'webpack-dev-server' ]
12 silly lifecycle ordereze@1.0.0~start: Returned: code: 3221225786  signal: null
13 info lifecycle ordereze@1.0.0~start: Failed to exec start script
14 verbose stack Error: ordereze@1.0.0 start: `webpack-dev-server`
14 verbose stack Exit status 3221225786
14 verbose stack     at EventEmitter.<anonymous> (C:\nodejs\node_modules\npm\lib\utils\lifecycle.js:255:16)
14 verbose stack     at emitTwo (events.js:106:13)
14 verbose stack     at EventEmitter.emit (events.js:191:7)
14 verbose stack     at ChildProcess.<anonymous> (C:\nodejs\node_modules\npm\lib\utils\spawn.js:40:14)
14 verbose stack     at emitTwo (events.js:106:13)
14 verbose stack     at ChildProcess.emit (events.js:191:7)
14 verbose stack     at maybeClose (internal/child_process.js:886:16)
14 verbose stack     at Process.ChildProcess._handle.onexit (internal/child_process.js:226:5)
15 verbose pkgid ordereze@1.0.0
16 verbose cwd E:\Projects\Sites\React\ordereze
17 error Windows_NT 6.3.9600
18 error argv "C:\\nodejs\\node.exe" "C:\\nodejs\\node_modules\\npm\\bin\\npm-cli.js" "start"
19 error node v6.10.2
20 error npm  v3.10.10
21 error code ELIFECYCLE
22 error ordereze@1.0.0 start: `webpack-dev-server`
22 error Exit status 3221225786
23 error Failed at the ordereze@1.0.0 start script 'webpack-dev-server'.
23 error Make sure you have the latest version of node.js and npm installed.
23 error If you do, this is most likely a problem with the ordereze package,
23 error not with npm itself.
23 error Tell the author that this fails on your system:
23 error     webpack-dev-server
23 error You can get information on how to open an issue for this project with:
23 error     npm bugs ordereze
23 error Or if that isn't available, you can get their info via:
23 error     npm owner ls ordereze
23 error There is likely additional logging output above.
24 verbose exit [ 1, true ]
